<?xml version="1.0" encoding="UTF-8"?>
<testng-results ignored="2" total="4" passed="1" failed="1" skipped="0">
  <reporter-output>
  </reporter-output>
  <suite started-at="2023-03-17T21:06:52 IST" name="Suite" finished-at="2023-03-17T21:07:16 IST" duration-ms="24691">
    <groups>
    </groups>
    <test started-at="2023-03-17T21:06:52 IST" name="Test" finished-at="2023-03-17T21:07:16 IST" duration-ms="24691">
      <class name="testPackage.LoginTestClass">
        <test-method is-config="true" signature="beforeMethod()[pri:0, instance:testPackage.LoginTestClass@6771beb3]" started-at="2023-03-17T21:07:06 IST" name="beforeMethod" finished-at="2023-03-17T21:07:06 IST" duration-ms="33" status="PASS">
          <reporter-output>
          </reporter-output>
        </test-method> <!-- beforeMethod -->
        <test-method signature="VerifyLoginFunctionalityWithCorrectData()[pri:0, instance:testPackage.LoginTestClass@6771beb3]" started-at="2023-03-17T21:07:06 IST" name="VerifyLoginFunctionalityWithCorrectData" finished-at="2023-03-17T21:07:13 IST" duration-ms="6504" status="PASS">
          <reporter-output>
          </reporter-output>
        </test-method> <!-- VerifyLoginFunctionalityWithCorrectData -->
        <test-method is-config="true" signature="aftermethod(org.testng.ITestResult)[pri:0, instance:testPackage.LoginTestClass@6771beb3]" started-at="2023-03-17T21:07:13 IST" name="aftermethod" finished-at="2023-03-17T21:07:14 IST" duration-ms="1516" status="PASS">
          <params>
            <param index="0">
              <value>
                <![CDATA[[TestResult name=VerifyLoginFunctionalityWithCorrectData status=SUCCESS method=LoginTestClass.VerifyLoginFunctionalityWithCorrectData()[pri:0, instance:testPackage.LoginTestClass@6771beb3] output={null}]]]>
              </value>
            </param>
          </params>
          <reporter-output>
          </reporter-output>
        </test-method> <!-- aftermethod -->
        <test-method is-config="true" signature="beforeMethod()[pri:0, instance:testPackage.LoginTestClass@6771beb3]" started-at="2023-03-17T21:07:14 IST" name="beforeMethod" finished-at="2023-03-17T21:07:14 IST" duration-ms="1" status="PASS">
          <reporter-output>
          </reporter-output>
        </test-method> <!-- beforeMethod -->
        <test-method signature="VerifyLoginFunctionalityWithInCorrectData()[pri:0, instance:testPackage.LoginTestClass@6771beb3]" started-at="2023-03-17T21:07:14 IST" name="VerifyLoginFunctionalityWithInCorrectData" finished-at="2023-03-17T21:07:14 IST" duration-ms="4" status="FAIL">
          <exception class="java.lang.AssertionError">
            <message>
              <![CDATA[null]]>
            </message>
            <full-stacktrace>
              <![CDATA[java.lang.AssertionError: null
at org.testng.Assert.fail(Assert.java:110)
at org.testng.Assert.fail(Assert.java:115)
at testPackage.LoginTestClass.VerifyLoginFunctionalityWithInCorrectData(LoginTestClass.java:80)
at java.base/jdk.internal.reflect.DirectMethodHandleAccessor.invoke(DirectMethodHandleAccessor.java:104)
at java.base/java.lang.reflect.Method.invoke(Method.java:578)
at org.testng.internal.invokers.MethodInvocationHelper.invokeMethod(MethodInvocationHelper.java:139)
at org.testng.internal.invokers.TestInvoker.invokeMethod(TestInvoker.java:677)
at org.testng.internal.invokers.TestInvoker.invokeTestMethod(TestInvoker.java:221)
at org.testng.internal.invokers.MethodRunner.runInSequence(MethodRunner.java:50)
at org.testng.internal.invokers.TestInvoker$MethodInvocationAgent.invoke(TestInvoker.java:969)
at org.testng.internal.invokers.TestInvoker.invokeTestMethods(TestInvoker.java:194)
at org.testng.internal.invokers.TestMethodWorker.invokeTestMethods(TestMethodWorker.java:148)
at org.testng.internal.invokers.TestMethodWorker.run(TestMethodWorker.java:128)
at java.base/java.util.ArrayList.forEach(ArrayList.java:1511)
at org.testng.TestRunner.privateRun(TestRunner.java:829)
at org.testng.TestRunner.run(TestRunner.java:602)
at org.testng.SuiteRunner.runTest(SuiteRunner.java:437)
at org.testng.SuiteRunner.runSequentially(SuiteRunner.java:431)
at org.testng.SuiteRunner.privateRun(SuiteRunner.java:391)
at org.testng.SuiteRunner.run(SuiteRunner.java:330)
at org.testng.SuiteRunnerWorker.runSuite(SuiteRunnerWorker.java:52)
at org.testng.SuiteRunnerWorker.run(SuiteRunnerWorker.java:95)
at org.testng.TestNG.runSuitesSequentially(TestNG.java:1256)
at org.testng.TestNG.runSuitesLocally(TestNG.java:1176)
at org.testng.TestNG.runSuites(TestNG.java:1099)
at org.testng.TestNG.run(TestNG.java:1067)
at org.testng.remote.AbstractRemoteTestNG.run(AbstractRemoteTestNG.java:115)
at org.testng.remote.RemoteTestNG.initAndRun(RemoteTestNG.java:251)
at org.testng.remote.RemoteTestNG.main(RemoteTestNG.java:77)
]]>
            </full-stacktrace>
          </exception> <!-- java.lang.AssertionError -->
          <reporter-output>
          </reporter-output>
        </test-method> <!-- VerifyLoginFunctionalityWithInCorrectData -->
        <test-method is-config="true" signature="aftermethod(org.testng.ITestResult)[pri:0, instance:testPackage.LoginTestClass@6771beb3]" started-at="2023-03-17T21:07:15 IST" name="aftermethod" finished-at="2023-03-17T21:07:16 IST" duration-ms="1496" status="PASS">
          <params>
            <param index="0">
              <value>
                <![CDATA[[TestResult name=VerifyLoginFunctionalityWithInCorrectData status=FAILURE method=LoginTestClass.VerifyLoginFunctionalityWithInCorrectData()[pri:0, instance:testPackage.LoginTestClass@6771beb3] output={null}]]]>
              </value>
            </param>
          </params>
          <reporter-output>
          </reporter-output>
        </test-method> <!-- aftermethod -->
      </class> <!-- testPackage.LoginTestClass -->
      <class name="testPackage.BaseClass">
        <test-method is-config="true" signature="beforeTest(java.lang.String)[pri:0, instance:testPackage.BaseClass@3270d194]" started-at="2023-03-17T21:06:52 IST" name="beforeTest" finished-at="2023-03-17T21:07:06 IST" duration-ms="14547" status="PASS">
          <params>
            <param index="0">
              <value>
                <![CDATA[chrome]]>
              </value>
            </param>
          </params>
          <reporter-output>
          </reporter-output>
        </test-method> <!-- beforeTest -->
        <test-method is-config="true" signature="aftertest()[pri:0, instance:testPackage.BaseClass@3270d194]" started-at="2023-03-17T21:07:16 IST" name="aftertest" finished-at="2023-03-17T21:07:16 IST" duration-ms="483" status="PASS">
          <reporter-output>
          </reporter-output>
        </test-method> <!-- aftertest -->
      </class> <!-- testPackage.BaseClass -->
    </test> <!-- Test -->
  </suite> <!-- Suite -->
</testng-results>
